{"/home/wangding/grunt-demo/calc.js":{"path":"/home/wangding/grunt-demo/calc.js","s":{"1":1,"2":3,"3":2,"4":1,"5":1},"b":{"1":[2,1],"2":[3,2]},"f":{"1":3},"fnMap":{"1":{"name":"add","line":2,"loc":{"start":{"line":2,"column":0},"end":{"line":2,"column":18}}}},"statementMap":{"1":{"start":{"line":2,"column":0},"end":{"line":7,"column":1}},"2":{"start":{"line":3,"column":2},"end":{"line":6,"column":15}},"3":{"start":{"line":4,"column":4},"end":{"line":4,"column":17}},"4":{"start":{"line":6,"column":4},"end":{"line":6,"column":15}},"5":{"start":{"line":9,"column":0},"end":{"line":9,"column":21}}},"branchMap":{"1":{"line":3,"type":"if","locations":[{"start":{"line":3,"column":2},"end":{"line":3,"column":2}},{"start":{"line":3,"column":2},"end":{"line":3,"column":2}}]},"2":{"line":3,"type":"binary-expr","locations":[{"start":{"line":3,"column":5},"end":{"line":3,"column":28}},{"start":{"line":3,"column":32},"end":{"line":3,"column":55}}]}}}}